  源.cpp
  Unknown compiler version - please run the configure tests and report the results
c:\program files (x86)\microsoft visual studio\2017\enterprise\vc\tools\msvc\14.13.26128\include\xutility(2440): error C4996: 'std::copy::_Unchecked_iterators::_Deprecate': Call to 'std::copy' with parameters that may be unsafe - this call relies on the caller to check that the passed values are correct. To disable this warning, use -D_SCL_SECURE_NO_WARNINGS. See documentation on how to use Visual C++ 'Checked Iterators'
  c:\program files (x86)\microsoft visual studio\2017\enterprise\vc\tools\msvc\14.13.26128\include\xutility(2440): note: 参见“std::copy::_Unchecked_iterators::_Deprecate”的声明
  d:\boost_1_64_0\boost\algorithm\string\detail\classification.hpp(102): note: 参见对正在编译的函数 模板 实例化“_OutIt *std::copy<const char*,char*>(_InIt,_InIt,_OutIt)”的引用
          with
          [
              _OutIt=char *,
              _InIt=const char *
          ]
  d:\boost_1_64_0\boost\algorithm\string\classification.hpp(206): note: 参见对正在编译的函数 模板 实例化“boost::algorithm::detail::is_any_ofF<char>::is_any_ofF<boost::iterator_range<const char *>>(const RangeT &)”的引用
          with
          [
              RangeT=boost::iterator_range<const char *>
          ]
  d:\boost_1_64_0\boost\algorithm\string\classification.hpp(206): note: 参见对正在编译的函数 模板 实例化“boost::algorithm::detail::is_any_ofF<char>::is_any_ofF<boost::iterator_range<const char *>>(const RangeT &)”的引用
          with
          [
              RangeT=boost::iterator_range<const char *>
          ]
  c:\users\qiusuo\source\repos\1sat\1sat\源.cpp(23): note: 参见对正在编译的函数 模板 实例化“boost::algorithm::detail::is_any_ofF<char> boost::algorithm::is_any_of<char[4]>(const RangeT (&))”的引用
          with
          [
              RangeT=char [4]
          ]
